===========================================
Monitoring Check: Fri Nov 14 22:37:48 EST 2025
===========================================
Daemons Running: 16
 Domains: 1099175

 Valuations: 6803

 RDAP: 1324



===========================================
Monitoring Check: Fri Nov 14 23:37:56 EST 2025
===========================================
Daemons Running: 16
 Domains: 1099175

 Valuations: 12203

 RDAP: 1674



===========================================
Monitoring Check: Sat Nov 15 00:38:04 EST 2025
===========================================
Daemons Running: 16
 Domains: 1099175

 Valuations: 17493

 RDAP: 2015



===========================================
Monitoring Check: Sat Nov 15 01:38:11 EST 2025
===========================================
Daemons Running: 16
 Domains: 1099175

 Valuations: 22803

 RDAP: 2350



===========================================
Monitoring Check: Sat Nov 15 02:38:19 EST 2025
===========================================
Daemons Running: 16
 Domains: 1099175

 Valuations: 28103

 RDAP: 2542



===========================================
Monitoring Check: Sat Nov 15 03:38:27 EST 2025
===========================================
Daemons Running: 16
 Domains: 1099175

 Valuations: 33403

 RDAP: 2880



===========================================
Monitoring Check: Sat Nov 15 04:38:34 EST 2025
===========================================


===========================================
Monitoring Check: Sat Nov 15 05:38:43 EST 2025
===========================================


===========================================
Monitoring Check: Sat Nov 15 06:38:51 EST 2025
===========================================


===========================================
Monitoring Check: Sat Nov 15 07:38:58 EST 2025
===========================================
Daemons Running: 16
 Domains: 1099175

 Valuations: 48503

 RDAP: 2910



===========================================
Monitoring Check: Sat Nov 15 08:39:06 EST 2025
===========================================
Daemons Running: 16
 Domains: 1099175

 Valuations: 53803

 RDAP: 2910



===========================================
Monitoring Check: Sat Nov 15 09:39:14 EST 2025
===========================================
Daemons Running: 0
 Domains: 1099175

 Valuations: 56703

 RDAP: 2920



===========================================
Monitoring Check: Sat Nov 15 10:39:23 EST 2025
===========================================
Daemons Running: 0
 Domains: 1099175

 Valuations: 56703

 RDAP: 2920



===========================================
Monitoring Check: Sat Nov 15 11:39:32 EST 2025
===========================================
Daemons Running: 0
 Domains: 1099175

 Valuations: 56703

 RDAP: 2920



===========================================
Monitoring Check: Sat Nov 15 12:39:40 EST 2025
===========================================
Daemons Running: 0
 Domains: 1099175

 Valuations: 56703

 RDAP: 2920



===========================================
Monitoring Check: Sat Nov 15 13:39:58 EST 2025
===========================================
Daemons Running: 0
 Domains: 1099175

 Valuations: 56703

 RDAP: 2920



===========================================
Monitoring Check: Sat Nov 15 14:40:06 EST 2025
===========================================
Daemons Running: 0
 Domains: 1099175

 Valuations: 56703

 RDAP: 2920



===========================================
Monitoring Check: Sat Nov 15 15:40:13 EST 2025
===========================================
Daemons Running: 0
 Domains: 1099175

 Valuations: 56703

 RDAP: 2920



===========================================
Monitoring Check: Sat Nov 15 16:40:21 EST 2025
===========================================
Daemons Running: 0
 Domains: 1099175

 Valuations: 56703

 RDAP: 2920



===========================================
Monitoring Check: Sat Nov 15 17:40:28 EST 2025
===========================================
Daemons Running: 0
 Domains: 1099175

 Valuations: 56703

 RDAP: 2920



===========================================
Monitoring Check: Sat Nov 15 18:40:35 EST 2025
===========================================
Daemons Running: 0
 Domains: 1099175

 Valuations: 56703

 RDAP: 2920



===========================================
Monitoring Check: Sat Nov 15 19:40:43 EST 2025
===========================================
Daemons Running: 0
 Domains: 1099175

 Valuations: 59703

 RDAP: 2920



